

Microchip MPLAB XC8 Assembler V2.46 build 20240104201356 
                                                                                               Mon Aug 26 00:10:54 2024

Microchip MPLAB XC8 C Compiler v2.46 (Free license) build 20240104201356 Og1 
     1                           	processor	18F46K20
     2                           	fnconf	rparam,??,?,0
     3                           	pagewidth 120
     4                           	opt	flic
     5                           	psect	idataCOMRAM,global,class=CODE,delta=1,noexec
     6                           	psect	nvCOMRAM,global,class=COMRAM,space=1,delta=1,lowdata,noexec
     7                           	psect	cinit,global,reloc=2,class=CODE,delta=1
     8                           	psect	bssCOMRAM,global,class=COMRAM,space=1,delta=1,lowdata,noexec
     9                           	psect	dataCOMRAM,global,class=COMRAM,space=1,delta=1,lowdata,noexec
    10                           	psect	cstackCOMRAM,global,class=COMRAM,space=1,delta=1,lowdata,noexec
    11                           	psect	text0,global,reloc=2,class=CODE,delta=1
    12                           	psect	text1,global,reloc=2,class=CODE,delta=1
    13                           	psect	text2,global,reloc=2,class=CODE,delta=1
    14                           	psect	text3,global,reloc=2,class=CODE,delta=1
    15                           	psect	text4,global,reloc=2,class=CODE,delta=1,group=1
    16                           	psect	text5,global,reloc=2,class=CODE,delta=1,group=1
    17                           	psect	smallconst,global,reloc=2,class=SMALLCONST,delta=1,noexec
    18                           	psect	intsave_regs,global,class=BIGRAM,space=1,delta=1,noexec
    19                           	psect	rparam,global,class=COMRAM,space=1,delta=1,noexec
    20                           	psect	config,global,abs,ovrld,class=CONFIG,space=4,delta=1,noexec
    21   000000                     
    22                           ; Generated 12/10/2023 GMT
    23                           ; 
    24                           ; Copyright © 2023, Microchip Technology Inc. and its subsidiaries ("Microchip")
    25                           ; All rights reserved.
    26                           ; 
    27                           ; This software is developed by Microchip Technology Inc. and its subsidiaries ("Microch
      +                          ip").
    28                           ; 
    29                           ; Redistribution and use in source and binary forms, with or without modification, are
    30                           ; permitted provided that the following conditions are met:
    31                           ; 
    32                           ;     1. Redistributions of source code must retain the above copyright notice, this lis
      +                          t of
    33                           ;        conditions and the following disclaimer.
    34                           ; 
    35                           ;     2. Redistributions in binary form must reproduce the above copyright notice, this 
      +                          list
    36                           ;        of conditions and the following disclaimer in the documentation and/or other
    37                           ;        materials provided with the distribution. Publication is not required when
    38                           ;        this file is used in an embedded application.
    39                           ; 
    40                           ;     3. Microchip's name may not be used to endorse or promote products derived from th
      +                          is
    41                           ;        software without specific prior written permission.
    42                           ; 
    43                           ; THIS SOFTWARE IS PROVIDED BY MICROCHIP "AS IS" AND ANY EXPRESS OR IMPLIED WARRANTIES,
    44                           ; INCLUDING, BUT NOT LIMITED TO, THE IMPLIED WARRANTIES OF MERCHANTABILITY AND FITNESS F
      +                          OR
    45                           ; PURPOSE ARE DISCLAIMED.  IN NO EVENT SHALL MICROCHIP BE LIABLE FOR ANY DIRECT, INDIREC
      +                          T,
    46                           ; INCIDENTAL, SPECIAL, EXEMPLARY, OR CONSEQUENTIAL DAMAGES (INCLUDING BUT NOT LIMITED TO
    47                           ; PROCUREMENT OF SUBSTITUTE GOODS OR SERVICES; LOSS OF USE, DATA OR PROFITS; OR BUSINESS
    48                           ; INTERRUPTION) HOWSOEVER CAUSED AND ON ANY THEORY OF LIABILITY, WHETHER IN CONTRACT, ST
      +                          RICT
    49                           ; LIABILITY, OR TORT (INCLUDING NEGLIGENCE OR OTHERWISE) ARISING IN ANY WAY OUT OF THE U
      +                          SE OF
    50                           ; THIS SOFTWARE, EVEN IF ADVISED OF THE POSSIBILITY OF SUCH DAMAGE.
    51                           ; 
    52                           ; 
    53                           ; Code-generator required, PIC18F46K20 Definitions
    54                           ; 
    55                           ; SFR Addresses
    56   000000                     
    57                           	psect	idataCOMRAM
    58   0013F6                     __pidataCOMRAM:
    59                           	callstack 0
    60                           
    61                           ;initializer for _port_registers
    62   0013F6  80                 	db	128
    63   0013F7  0F                 	db	15
    64   0013F8  81                 	db	129
    65   0013F9  0F                 	db	15
    66   0013FA  82                 	db	130
    67   0013FB  0F                 	db	15
    68   0013FC  83                 	db	131
    69   0013FD  0F                 	db	15
    70   0013FE  84                 	db	132
    71   0013FF  0F                 	db	15
    72                           
    73                           ;initializer for _lat_registers
    74   001400  89                 	db	137
    75   001401  0F                 	db	15
    76   001402  8A                 	db	138
    77   001403  0F                 	db	15
    78   001404  8B                 	db	139
    79   001405  0F                 	db	15
    80   001406  8C                 	db	140
    81   001407  0F                 	db	15
    82   001408  8D                 	db	141
    83   001409  0F                 	db	15
    84                           
    85                           ;initializer for _tris_registers
    86   00140A  92                 	db	146
    87   00140B  0F                 	db	15
    88   00140C  93                 	db	147
    89   00140D  0F                 	db	15
    90   00140E  94                 	db	148
    91   00140F  0F                 	db	15
    92   001410  95                 	db	149
    93   001411  0F                 	db	15
    94   001412  96                 	db	150
    95   001413  0F                 	db	15
    96                           
    97                           ;initializer for _hours
    98   001414  17                 	db	23
    99                           
   100                           ;initializer for _minutes
   101   001415  3B                 	db	59
   102                           
   103                           ;initializer for _seconds
   104   001416  37                 	db	55
   105                           
   106                           	psect	nvCOMRAM
   107   00003B                     __pnvCOMRAM:
   108                           	callstack 0
   109   00003B                     _ret:
   110                           	callstack 0
   111   00003B                     	ds	1
   112   00003C                     _counter:
   113                           	callstack 0
   114   00003C                     	ds	1
   115   000000                     _PORTA	set	3968
   116   000000                     _LATA	set	3977
   117   000000                     _TRISA	set	3986
   118   000000                     _TRISE	set	3990
   119   000000                     _TRISD	set	3989
   120   000000                     _TRISC	set	3988
   121   000000                     _TRISB	set	3987
   122   000000                     _LATE	set	3981
   123   000000                     _LATD	set	3980
   124   000000                     _LATC	set	3979
   125   000000                     _LATB	set	3978
   126   000000                     _PORTE	set	3972
   127   000000                     _PORTD	set	3971
   128   000000                     _PORTC	set	3970
   129   000000                     _PORTB	set	3969
   130                           
   131                           ; #config settings
   132                           
   133                           	psect	cinit
   134   0013C0                     __pcinit:
   135                           	callstack 0
   136   0013C0                     start_initialization:
   137                           	callstack 0
   138   0013C0                     __initialization:
   139                           	callstack 0
   140                           
   141                           ; Initialize objects allocated to COMRAM (33 bytes)
   142                           ; load TBLPTR registers with __pidataCOMRAM
   143   0013C0  0EF6               	movlw	low __pidataCOMRAM
   144   0013C2  6EF6               	movwf	tblptrl,c
   145   0013C4  0E13               	movlw	high __pidataCOMRAM
   146   0013C6  6EF7               	movwf	tblptrh,c
   147   0013C8  0E00               	movlw	low (__pidataCOMRAM shr (0+16))
   148   0013CA  6EF8               	movwf	tblptru,c
   149   0013CC  EE00  F001         	lfsr	0,__pdataCOMRAM
   150   0013D0  EE10 F021          	lfsr	1,33
   151   0013D4                     copy_data0:
   152   0013D4  0009               	tblrd		*+
   153   0013D6  CFF5 FFEE          	movff	tablat,postinc0
   154   0013DA  50E5               	movf	postdec1,w,c
   155   0013DC  50E1               	movf	fsr1l,w,c
   156   0013DE  E1FA               	bnz	copy_data0
   157                           
   158                           ; Clear objects allocated to COMRAM (11 bytes)
   159   0013E0  EE00  F030         	lfsr	0,__pbssCOMRAM
   160   0013E4  0E0B               	movlw	11
   161   0013E6                     clear_0:
   162   0013E6  6AEE               	clrf	postinc0,c
   163   0013E8  06E8               	decf	wreg,f,c
   164   0013EA  E1FD               	bnz	clear_0
   165   0013EC                     end_of_initialization:
   166                           	callstack 0
   167   0013EC                     __end_of__initialization:
   168                           	callstack 0
   169   0013EC  0E00               	movlw	low (__Lmediumconst shr (0+16))
   170   0013EE  6EF8               	movwf	tblptru,c
   171   0013F0  0100               	movlb	0
   172   0013F2  EF01  F008         	goto	_main	;jump to C main() function
   173                           
   174                           	psect	bssCOMRAM
   175   000030                     __pbssCOMRAM:
   176                           	callstack 0
   177   000030                     _number_BCD:
   178                           	callstack 0
   179   000030                     	ds	1
   180   000031                     _number:
   181                           	callstack 0
   182   000031                     	ds	1
   183   000032                     _tens:
   184                           	callstack 0
   185   000032                     	ds	1
   186   000033                     _ones:
   187                           	callstack 0
   188   000033                     	ds	1
   189   000034                     relay_turn_off@F3147:
   190                           	callstack 0
   191   000034                     	ds	1
   192   000035                     relay_turn_on@F3142:
   193                           	callstack 0
   194   000035                     	ds	1
   195   000036                     relay_initialize@F3137:
   196                           	callstack 0
   197   000036                     	ds	1
   198   000037                     led_turn_toggle@F3158:
   199                           	callstack 0
   200   000037                     	ds	1
   201   000038                     led_turn_off@F3153:
   202                           	callstack 0
   203   000038                     	ds	1
   204   000039                     led_turn_on@F3148:
   205                           	callstack 0
   206   000039                     	ds	1
   207   00003A                     led_initialize@F3143:
   208                           	callstack 0
   209   00003A                     	ds	1
   210                           
   211                           	psect	dataCOMRAM
   212   000001                     __pdataCOMRAM:
   213                           	callstack 0
   214   000001                     _port_registers:
   215                           	callstack 0
   216   000001                     	ds	10
   217   00000B                     _lat_registers:
   218                           	callstack 0
   219   00000B                     	ds	10
   220   000015                     _tris_registers:
   221                           	callstack 0
   222   000015                     	ds	10
   223   00001F                     _hours:
   224                           	callstack 0
   225   00001F                     	ds	1
   226   000020                     _minutes:
   227                           	callstack 0
   228   000020                     	ds	1
   229   000021                     _seconds:
   230                           	callstack 0
   231   000021                     	ds	1
   232                           
   233                           	psect	cstackCOMRAM
   234   000022                     __pcstackCOMRAM:
   235                           	callstack 0
   236   000022                     ?___awdiv:
   237                           	callstack 0
   238   000022                     ?___awmod:
   239                           	callstack 0
   240   000022                     gpio_port_direction_initialization@direction:
   241                           	callstack 0
   242   000022                     ___awdiv@dividend:
   243                           	callstack 0
   244   000022                     ___awmod@dividend:
   245                           	callstack 0
   246                           
   247                           ; 2 bytes @ 0x0
   248   000022                     	ds	1
   249   000023                     ??_gpio_port_direction_initialization:
   250                           
   251                           ; 1 bytes @ 0x1
   252   000023                     	ds	1
   253   000024                     ___awdiv@divisor:
   254                           	callstack 0
   255   000024                     ___awmod@divisor:
   256                           	callstack 0
   257                           
   258                           ; 2 bytes @ 0x2
   259   000024                     	ds	1
   260   000025                     gpio_port_direction_initialization@ret:
   261                           	callstack 0
   262                           
   263                           ; 1 bytes @ 0x3
   264   000025                     	ds	1
   265   000026                     gpio_port_direction_initialization@port:
   266                           	callstack 0
   267   000026                     ___awdiv@counter:
   268                           	callstack 0
   269   000026                     ___awmod@counter:
   270                           	callstack 0
   271                           
   272                           ; 1 bytes @ 0x4
   273   000026                     	ds	1
   274   000027                     ___awdiv@sign:
   275                           	callstack 0
   276   000027                     ___awmod@sign:
   277                           	callstack 0
   278                           
   279                           ; 1 bytes @ 0x5
   280   000027                     	ds	1
   281   000028                     ___awdiv@quotient:
   282                           	callstack 0
   283                           
   284                           ; 2 bytes @ 0x6
   285   000028                     	ds	2
   286   00002A                     gpio_port_write_logic@logic:
   287                           	callstack 0
   288                           
   289                           ; 1 bytes @ 0x8
   290   00002A                     	ds	1
   291   00002B                     ??_gpio_port_write_logic:
   292                           
   293                           ; 1 bytes @ 0x9
   294   00002B                     	ds	2
   295   00002D                     gpio_port_write_logic@ret:
   296                           	callstack 0
   297                           
   298                           ; 1 bytes @ 0xB
   299   00002D                     	ds	1
   300   00002E                     gpio_port_write_logic@port:
   301                           	callstack 0
   302                           
   303                           ; 1 bytes @ 0xC
   304   00002E                     	ds	1
   305   00002F                     ??_main:
   306                           
   307                           ; 1 bytes @ 0xD
   308   00002F                     	ds	1
   309                           
   310 ;;
   311 ;;Main: autosize = 0, tempsize = 1, incstack = 0, save=0
   312 ;;
   313 ;; *************** function _main *****************
   314 ;; Defined at:
   315 ;;		line 20 in file "application.c"
   316 ;; Parameters:    Size  Location     Type
   317 ;;		None
   318 ;; Auto vars:     Size  Location     Type
   319 ;;		None
   320 ;; Return value:  Size  Location     Type
   321 ;;                  2  251[None  ] int 
   322 ;; Registers used:
   323 ;;		wreg, fsr2l, fsr2h, status,2, status,0, prodl, prodh, cstack
   324 ;; Tracked objects:
   325 ;;		On entry : 0/0
   326 ;;		On exit  : 0/0
   327 ;;		Unchanged: 0/0
   328 ;; Data sizes:     COMRAM   BANK0   BANK1   BANK2   BANK3   BANK4   BANK5   BANK6   BANK7   BANK8   BANK9  BANK10  BANK1
      +1  BANK12  BANK13  BANK14  BANK15
   329 ;;      Params:         0       0       0       0       0       0       0       0       0       0       0       0       
      +0       0       0       0       0
   330 ;;      Locals:         0       0       0       0       0       0       0       0       0       0       0       0       
      +0       0       0       0       0
   331 ;;      Temps:          1       0       0       0       0       0       0       0       0       0       0       0       
      +0       0       0       0       0
   332 ;;      Totals:         1       0       0       0       0       0       0       0       0       0       0       0       
      +0       0       0       0       0
   333 ;;Total ram usage:        1 bytes
   334 ;; Hardware stack levels required when called: 2
   335 ;; This function calls:
   336 ;;		___awdiv
   337 ;;		___awmod
   338 ;;		_application_initialize
   339 ;;		_gpio_port_write_logic
   340 ;; This function is called by:
   341 ;;		Startup code after reset
   342 ;; This function uses a non-reentrant model
   343 ;;
   344                           
   345                           	psect	text0
   346   001002                     __ptext0:
   347                           	callstack 0
   348   001002                     _main:
   349                           	callstack 29
   350   001002                     
   351                           ;application.c: 22:     application_initialize();
   352   001002  EC0C  F00A         	call	_application_initialize	;wreg free
   353   001006                     l1521:
   354                           
   355                           ;application.c: 26:         for (counter = 0; counter < 50; counter++) {
   356   001006  0E00               	movlw	0
   357   001008  6E3C               	movwf	_counter^0,c
   358   00100A                     l1527:
   359                           
   360                           ;application.c: 28:             ret = gpio_port_write_logic(PORTD_INDEX, 0x01);
   361   00100A  0E01               	movlw	1
   362   00100C  6E2A               	movwf	gpio_port_write_logic@logic^0,c
   363   00100E  0E03               	movlw	3
   364   001010  EC9E  F009         	call	_gpio_port_write_logic
   365   001014  6E3B               	movwf	_ret^0,c
   366                           
   367                           ;application.c: 29:             ret = gpio_port_write_logic(PORTC_INDEX, ((uint8) (hours
      +                           / 10)));
   368   001016  C01F  F022         	movff	_hours,___awdiv@dividend
   369   00101A  6A23               	clrf	(___awdiv@dividend+1)^0,c
   370   00101C  0E00               	movlw	0
   371   00101E  6E25               	movwf	(___awdiv@divisor+1)^0,c
   372   001020  0E0A               	movlw	10
   373   001022  6E24               	movwf	___awdiv@divisor^0,c
   374   001024  ECE4  F008         	call	___awdiv	;wreg free
   375   001028  5022               	movf	?___awdiv^0,w,c
   376   00102A  6E2A               	movwf	gpio_port_write_logic@logic^0,c
   377   00102C  0E02               	movlw	2
   378   00102E  EC9E  F009         	call	_gpio_port_write_logic
   379   001032  6E3B               	movwf	_ret^0,c
   380   001034                     
   381                           ;application.c: 30:             _delay((unsigned long)((3333)*(8000000UL/4000000.0)));
   382   001034  0E09               	movlw	9
   383   001036  6E2F               	movwf	??_main^0,c
   384   001038  0EA7               	movlw	167
   385   00103A                     u887:
   386   00103A  2EE8               	decfsz	wreg,f,c
   387   00103C  D7FE               	bra	u887
   388   00103E  2E2F               	decfsz	??_main^0,f,c
   389   001040  D7FC               	bra	u887
   390   001042  0000               	nop	
   391   001044                     
   392                           ;application.c: 32:             ret = gpio_port_write_logic(PORTD_INDEX, 0x02);
   393   001044  0E02               	movlw	2
   394   001046  6E2A               	movwf	gpio_port_write_logic@logic^0,c
   395   001048  0E03               	movlw	3
   396   00104A  EC9E  F009         	call	_gpio_port_write_logic
   397   00104E  6E3B               	movwf	_ret^0,c
   398   001050                     
   399                           ;application.c: 33:             ret = gpio_port_write_logic(PORTC_INDEX, ((uint8) (hours
      +                           % 10)));
   400   001050  C01F  F022         	movff	_hours,___awmod@dividend
   401   001054  6A23               	clrf	(___awmod@dividend+1)^0,c
   402   001056  0E00               	movlw	0
   403   001058  6E25               	movwf	(___awmod@divisor+1)^0,c
   404   00105A  0E0A               	movlw	10
   405   00105C  6E24               	movwf	___awmod@divisor^0,c
   406   00105E  EC46  F009         	call	___awmod	;wreg free
   407   001062  5022               	movf	?___awmod^0,w,c
   408   001064  6E2A               	movwf	gpio_port_write_logic@logic^0,c
   409   001066  0E02               	movlw	2
   410   001068  EC9E  F009         	call	_gpio_port_write_logic
   411   00106C  6E3B               	movwf	_ret^0,c
   412   00106E                     
   413                           ;application.c: 34:             _delay((unsigned long)((3333)*(8000000UL/4000000.0)));
   414   00106E  0E09               	movlw	9
   415   001070  6E2F               	movwf	??_main^0,c
   416   001072  0EA7               	movlw	167
   417   001074                     u897:
   418   001074  2EE8               	decfsz	wreg,f,c
   419   001076  D7FE               	bra	u897
   420   001078  2E2F               	decfsz	??_main^0,f,c
   421   00107A  D7FC               	bra	u897
   422   00107C  0000               	nop	
   423                           
   424                           ;application.c: 36:             ret = gpio_port_write_logic(PORTD_INDEX, 0x04);
   425   00107E  0E04               	movlw	4
   426   001080  6E2A               	movwf	gpio_port_write_logic@logic^0,c
   427   001082  0E03               	movlw	3
   428   001084  EC9E  F009         	call	_gpio_port_write_logic
   429   001088  6E3B               	movwf	_ret^0,c
   430                           
   431                           ;application.c: 37:             ret = gpio_port_write_logic(PORTC_INDEX, ((uint8) (minut
      +                          es / 10)));
   432   00108A  C020  F022         	movff	_minutes,___awdiv@dividend
   433   00108E  6A23               	clrf	(___awdiv@dividend+1)^0,c
   434   001090  0E00               	movlw	0
   435   001092  6E25               	movwf	(___awdiv@divisor+1)^0,c
   436   001094  0E0A               	movlw	10
   437   001096  6E24               	movwf	___awdiv@divisor^0,c
   438   001098  ECE4  F008         	call	___awdiv	;wreg free
   439   00109C  5022               	movf	?___awdiv^0,w,c
   440   00109E  6E2A               	movwf	gpio_port_write_logic@logic^0,c
   441   0010A0  0E02               	movlw	2
   442   0010A2  EC9E  F009         	call	_gpio_port_write_logic
   443   0010A6  6E3B               	movwf	_ret^0,c
   444   0010A8                     
   445                           ;application.c: 38:             _delay((unsigned long)((3333)*(8000000UL/4000000.0)));
   446   0010A8  0E09               	movlw	9
   447   0010AA  6E2F               	movwf	??_main^0,c
   448   0010AC  0EA7               	movlw	167
   449   0010AE                     u907:
   450   0010AE  2EE8               	decfsz	wreg,f,c
   451   0010B0  D7FE               	bra	u907
   452   0010B2  2E2F               	decfsz	??_main^0,f,c
   453   0010B4  D7FC               	bra	u907
   454   0010B6  0000               	nop	
   455   0010B8                     
   456                           ;application.c: 40:             ret = gpio_port_write_logic(PORTD_INDEX, 0x08);
   457   0010B8  0E08               	movlw	8
   458   0010BA  6E2A               	movwf	gpio_port_write_logic@logic^0,c
   459   0010BC  0E03               	movlw	3
   460   0010BE  EC9E  F009         	call	_gpio_port_write_logic
   461   0010C2  6E3B               	movwf	_ret^0,c
   462   0010C4                     
   463                           ;application.c: 41:             ret = gpio_port_write_logic(PORTC_INDEX, ((uint8) (minut
      +                          es % 10)));
   464   0010C4  C020  F022         	movff	_minutes,___awmod@dividend
   465   0010C8  6A23               	clrf	(___awmod@dividend+1)^0,c
   466   0010CA  0E00               	movlw	0
   467   0010CC  6E25               	movwf	(___awmod@divisor+1)^0,c
   468   0010CE  0E0A               	movlw	10
   469   0010D0  6E24               	movwf	___awmod@divisor^0,c
   470   0010D2  EC46  F009         	call	___awmod	;wreg free
   471   0010D6  5022               	movf	?___awmod^0,w,c
   472   0010D8  6E2A               	movwf	gpio_port_write_logic@logic^0,c
   473   0010DA  0E02               	movlw	2
   474   0010DC  EC9E  F009         	call	_gpio_port_write_logic
   475   0010E0  6E3B               	movwf	_ret^0,c
   476   0010E2                     
   477                           ;application.c: 42:             _delay((unsigned long)((3333)*(8000000UL/4000000.0)));
   478   0010E2  0E09               	movlw	9
   479   0010E4  6E2F               	movwf	??_main^0,c
   480   0010E6  0EA7               	movlw	167
   481   0010E8                     u917:
   482   0010E8  2EE8               	decfsz	wreg,f,c
   483   0010EA  D7FE               	bra	u917
   484   0010EC  2E2F               	decfsz	??_main^0,f,c
   485   0010EE  D7FC               	bra	u917
   486   0010F0  0000               	nop	
   487                           
   488                           ;application.c: 45:             ret = gpio_port_write_logic(PORTD_INDEX, 0x10);
   489   0010F2  0E10               	movlw	16
   490   0010F4  6E2A               	movwf	gpio_port_write_logic@logic^0,c
   491   0010F6  0E03               	movlw	3
   492   0010F8  EC9E  F009         	call	_gpio_port_write_logic
   493   0010FC  6E3B               	movwf	_ret^0,c
   494                           
   495                           ;application.c: 46:             ret = gpio_port_write_logic(PORTC_INDEX, ((uint8) (secon
      +                          ds / 10)));
   496   0010FE  C021  F022         	movff	_seconds,___awdiv@dividend
   497   001102  6A23               	clrf	(___awdiv@dividend+1)^0,c
   498   001104  0E00               	movlw	0
   499   001106  6E25               	movwf	(___awdiv@divisor+1)^0,c
   500   001108  0E0A               	movlw	10
   501   00110A  6E24               	movwf	___awdiv@divisor^0,c
   502   00110C  ECE4  F008         	call	___awdiv	;wreg free
   503   001110  5022               	movf	?___awdiv^0,w,c
   504   001112  6E2A               	movwf	gpio_port_write_logic@logic^0,c
   505   001114  0E02               	movlw	2
   506   001116  EC9E  F009         	call	_gpio_port_write_logic
   507   00111A  6E3B               	movwf	_ret^0,c
   508   00111C                     
   509                           ;application.c: 47:             _delay((unsigned long)((3333)*(8000000UL/4000000.0)));
   510   00111C  0E09               	movlw	9
   511   00111E  6E2F               	movwf	??_main^0,c
   512   001120  0EA7               	movlw	167
   513   001122                     u927:
   514   001122  2EE8               	decfsz	wreg,f,c
   515   001124  D7FE               	bra	u927
   516   001126  2E2F               	decfsz	??_main^0,f,c
   517   001128  D7FC               	bra	u927
   518   00112A  0000               	nop	
   519   00112C                     
   520                           ;application.c: 49:             ret = gpio_port_write_logic(PORTD_INDEX, 0x20);
   521   00112C  0E20               	movlw	32
   522   00112E  6E2A               	movwf	gpio_port_write_logic@logic^0,c
   523   001130  0E03               	movlw	3
   524   001132  EC9E  F009         	call	_gpio_port_write_logic
   525   001136  6E3B               	movwf	_ret^0,c
   526   001138                     
   527                           ;application.c: 50:             ret = gpio_port_write_logic(PORTC_INDEX, ((uint8) (secon
      +                          ds % 10)));
   528   001138  C021  F022         	movff	_seconds,___awmod@dividend
   529   00113C  6A23               	clrf	(___awmod@dividend+1)^0,c
   530   00113E  0E00               	movlw	0
   531   001140  6E25               	movwf	(___awmod@divisor+1)^0,c
   532   001142  0E0A               	movlw	10
   533   001144  6E24               	movwf	___awmod@divisor^0,c
   534   001146  EC46  F009         	call	___awmod	;wreg free
   535   00114A  5022               	movf	?___awmod^0,w,c
   536   00114C  6E2A               	movwf	gpio_port_write_logic@logic^0,c
   537   00114E  0E02               	movlw	2
   538   001150  EC9E  F009         	call	_gpio_port_write_logic
   539   001154  6E3B               	movwf	_ret^0,c
   540   001156                     
   541                           ;application.c: 51:             _delay((unsigned long)((3333)*(8000000UL/4000000.0)));
   542   001156  0E09               	movlw	9
   543   001158  6E2F               	movwf	??_main^0,c
   544   00115A  0EA7               	movlw	167
   545   00115C                     u937:
   546   00115C  2EE8               	decfsz	wreg,f,c
   547   00115E  D7FE               	bra	u937
   548   001160  2E2F               	decfsz	??_main^0,f,c
   549   001162  D7FC               	bra	u937
   550   001164  0000               	nop	
   551   001166                     
   552                           ;application.c: 52:         }
   553   001166  2A3C               	incf	_counter^0,f,c
   554   001168  0E31               	movlw	49
   555   00116A  643C               	cpfsgt	_counter^0,c
   556   00116C  EFBA  F008         	goto	u841
   557   001170  EFBC  F008         	goto	u840
   558   001174                     u841:
   559   001174  EF05  F008         	goto	l1527
   560   001178                     u840:
   561   001178                     
   562                           ;application.c: 53:         seconds++;
   563   001178  2A21               	incf	_seconds^0,f,c
   564   00117A                     
   565                           ;application.c: 54:         if (seconds == 60) {
   566   00117A  0E3C               	movlw	60
   567   00117C  1821               	xorwf	_seconds^0,w,c
   568   00117E  A4D8               	btfss	status,2,c
   569   001180  EFC4  F008         	goto	u851
   570   001184  EFC6  F008         	goto	u850
   571   001188                     u851:
   572   001188  EFC9  F008         	goto	l1565
   573   00118C                     u850:
   574   00118C                     
   575                           ;application.c: 55:             minutes++;
   576   00118C  2A20               	incf	_minutes^0,f,c
   577   00118E                     
   578                           ;application.c: 56:             seconds = 0;
   579   00118E  0E00               	movlw	0
   580   001190  6E21               	movwf	_seconds^0,c
   581   001192                     l1565:
   582                           
   583                           ;application.c: 58:         if (minutes == 60) {
   584   001192  0E3C               	movlw	60
   585   001194  1820               	xorwf	_minutes^0,w,c
   586   001196  A4D8               	btfss	status,2,c
   587   001198  EFD0  F008         	goto	u861
   588   00119C  EFD2  F008         	goto	u860
   589   0011A0                     u861:
   590   0011A0  EFD5  F008         	goto	l1571
   591   0011A4                     u860:
   592   0011A4                     
   593                           ;application.c: 59:             hours++;
   594   0011A4  2A1F               	incf	_hours^0,f,c
   595   0011A6                     
   596                           ;application.c: 60:             minutes = 0;
   597   0011A6  0E00               	movlw	0
   598   0011A8  6E20               	movwf	_minutes^0,c
   599   0011AA                     l1571:
   600                           
   601                           ;application.c: 62:         if (hours == 24) {
   602   0011AA  0E18               	movlw	24
   603   0011AC  181F               	xorwf	_hours^0,w,c
   604   0011AE  A4D8               	btfss	status,2,c
   605   0011B0  EFDC  F008         	goto	u871
   606   0011B4  EFDE  F008         	goto	u870
   607   0011B8                     u871:
   608   0011B8  EF03  F008         	goto	l1521
   609   0011BC                     u870:
   610   0011BC                     
   611                           ;application.c: 63:             hours = 0;
   612   0011BC  0E00               	movlw	0
   613   0011BE  6E1F               	movwf	_hours^0,c
   614   0011C0  EF03  F008         	goto	l1521
   615   0011C4  EF01  F000         	goto	start
   616   0011C8                     __end_of_main:
   617                           	callstack 0
   618                           
   619 ;; *************** function _gpio_port_write_logic *****************
   620 ;; Defined at:
   621 ;;		line 201 in file "MCAL_Layer/GPIO/hal_gpio.c"
   622 ;; Parameters:    Size  Location     Type
   623 ;;  port            1    wreg     enum E3071
   624 ;;  logic           1    8[COMRAM] unsigned char 
   625 ;; Auto vars:     Size  Location     Type
   626 ;;  port            1   12[COMRAM] enum E3071
   627 ;;  ret             1   11[COMRAM] unsigned char 
   628 ;; Return value:  Size  Location     Type
   629 ;;                  1    wreg      unsigned char 
   630 ;; Registers used:
   631 ;;		wreg, fsr2l, fsr2h, status,2, status,0, prodl, prodh
   632 ;; Tracked objects:
   633 ;;		On entry : 0/0
   634 ;;		On exit  : 0/0
   635 ;;		Unchanged: 0/0
   636 ;; Data sizes:     COMRAM   BANK0   BANK1   BANK2   BANK3   BANK4   BANK5   BANK6   BANK7   BANK8   BANK9  BANK10  BANK1
      +1  BANK12  BANK13  BANK14  BANK15
   637 ;;      Params:         1       0       0       0       0       0       0       0       0       0       0       0       
      +0       0       0       0       0
   638 ;;      Locals:         2       0       0       0       0       0       0       0       0       0       0       0       
      +0       0       0       0       0
   639 ;;      Temps:          2       0       0       0       0       0       0       0       0       0       0       0       
      +0       0       0       0       0
   640 ;;      Totals:         5       0       0       0       0       0       0       0       0       0       0       0       
      +0       0       0       0       0
   641 ;;Total ram usage:        5 bytes
   642 ;; Hardware stack levels used: 1
   643 ;; This function calls:
   644 ;;		Nothing
   645 ;; This function is called by:
   646 ;;		_main
   647 ;; This function uses a non-reentrant model
   648 ;;
   649                           
   650                           	psect	text1
   651   00133C                     __ptext1:
   652                           	callstack 0
   653   00133C                     _gpio_port_write_logic:
   654                           	callstack 30
   655                           
   656                           ;incstack = 0
   657                           ;gpio_port_write_logic@port stored from wreg
   658   00133C  6E2E               	movwf	gpio_port_write_logic@port^0,c
   659   00133E                     
   660                           ;MCAL_Layer/GPIO/hal_gpio.c: 202:     STD_ReturnType ret = (STD_ReturnType)0x01;
   661   00133E  0E01               	movlw	1
   662   001340  6E2D               	movwf	gpio_port_write_logic@ret^0,c
   663   001342                     
   664                           ;MCAL_Layer/GPIO/hal_gpio.c: 203:     if (port > 5 - 1) {
   665   001342  0E04               	movlw	4
   666   001344  642E               	cpfsgt	gpio_port_write_logic@port^0,c
   667   001346  EFA7  F009         	goto	u711
   668   00134A  EFA9  F009         	goto	u710
   669   00134E                     u711:
   670   00134E  EFAD  F009         	goto	l1431
   671   001352                     u710:
   672   001352                     
   673                           ;MCAL_Layer/GPIO/hal_gpio.c: 204:         ret = (STD_ReturnType)0x00;
   674   001352  0E00               	movlw	0
   675   001354  6E2D               	movwf	gpio_port_write_logic@ret^0,c
   676                           
   677                           ;MCAL_Layer/GPIO/hal_gpio.c: 205:     } else {
   678   001356  EFBD  F009         	goto	l1433
   679   00135A                     l1431:
   680                           
   681                           ;MCAL_Layer/GPIO/hal_gpio.c: 206:         *lat_registers[port] = logic;
   682   00135A  502E               	movf	gpio_port_write_logic@port^0,w,c
   683   00135C  0D02               	mullw	2
   684   00135E  50F3               	movf	243,w,c
   685   001360  0F0B               	addlw	low _lat_registers
   686   001362  6ED9               	movwf	fsr2l,c
   687   001364  6ADA               	clrf	fsr2h,c
   688   001366  CFDE F02B          	movff	postinc2,??_gpio_port_write_logic
   689   00136A  CFDD F02C          	movff	postdec2,??_gpio_port_write_logic+1
   690   00136E  C02B  FFD9         	movff	??_gpio_port_write_logic,fsr2l
   691   001372  C02C  FFDA         	movff	??_gpio_port_write_logic+1,fsr2h
   692   001376  C02A  FFDF         	movff	gpio_port_write_logic@logic,indf2
   693   00137A                     l1433:
   694                           
   695                           ;MCAL_Layer/GPIO/hal_gpio.c: 208:     return ret;
   696   00137A  502D               	movf	gpio_port_write_logic@ret^0,w,c
   697   00137C  0012               	return		;funcret
   698   00137E                     __end_of_gpio_port_write_logic:
   699                           	callstack 0
   700                           
   701 ;; *************** function _application_initialize *****************
   702 ;; Defined at:
   703 ;;		line 78 in file "application.c"
   704 ;; Parameters:    Size  Location     Type
   705 ;;		None
   706 ;; Auto vars:     Size  Location     Type
   707 ;;		None
   708 ;; Return value:  Size  Location     Type
   709 ;;                  1    wreg      void 
   710 ;; Registers used:
   711 ;;		wreg, fsr2l, fsr2h, status,2, status,0, prodl, prodh, cstack
   712 ;; Tracked objects:
   713 ;;		On entry : 0/0
   714 ;;		On exit  : 0/0
   715 ;;		Unchanged: 0/0
   716 ;; Data sizes:     COMRAM   BANK0   BANK1   BANK2   BANK3   BANK4   BANK5   BANK6   BANK7   BANK8   BANK9  BANK10  BANK1
      +1  BANK12  BANK13  BANK14  BANK15
   717 ;;      Params:         0       0       0       0       0       0       0       0       0       0       0       0       
      +0       0       0       0       0
   718 ;;      Locals:         0       0       0       0       0       0       0       0       0       0       0       0       
      +0       0       0       0       0
   719 ;;      Temps:          0       0       0       0       0       0       0       0       0       0       0       0       
      +0       0       0       0       0
   720 ;;      Totals:         0       0       0       0       0       0       0       0       0       0       0       0       
      +0       0       0       0       0
   721 ;;Total ram usage:        0 bytes
   722 ;; Hardware stack levels used: 1
   723 ;; Hardware stack levels required when called: 1
   724 ;; This function calls:
   725 ;;		_gpio_port_direction_initialization
   726 ;; This function is called by:
   727 ;;		_main
   728 ;; This function uses a non-reentrant model
   729 ;;
   730                           
   731                           	psect	text2
   732   001418                     __ptext2:
   733                           	callstack 0
   734   001418                     _application_initialize:
   735                           	callstack 29
   736   001418                     
   737                           ;application.c: 80:     ret = gpio_port_direction_initialization(PORTC_INDEX, 0xF0);
   738   001418  0EF0               	movlw	240
   739   00141A  6E22               	movwf	gpio_port_direction_initialization@direction^0,c
   740   00141C  0E02               	movlw	2
   741   00141E  ECBF  F009         	call	_gpio_port_direction_initialization
   742   001422  6E3B               	movwf	_ret^0,c
   743                           
   744                           ;application.c: 81:     ret = gpio_port_direction_initialization(PORTD_INDEX, 0xC0);
   745   001424  0EC0               	movlw	192
   746   001426  6E22               	movwf	gpio_port_direction_initialization@direction^0,c
   747   001428  0E03               	movlw	3
   748   00142A  ECBF  F009         	call	_gpio_port_direction_initialization
   749   00142E  6E3B               	movwf	_ret^0,c
   750   001430  0012               	return		;funcret
   751   001432                     __end_of_application_initialize:
   752                           	callstack 0
   753                           
   754 ;; *************** function _gpio_port_direction_initialization *****************
   755 ;; Defined at:
   756 ;;		line 161 in file "MCAL_Layer/GPIO/hal_gpio.c"
   757 ;; Parameters:    Size  Location     Type
   758 ;;  port            1    wreg     enum E3071
   759 ;;  direction       1    0[COMRAM] unsigned char 
   760 ;; Auto vars:     Size  Location     Type
   761 ;;  port            1    4[COMRAM] enum E3071
   762 ;;  ret             1    3[COMRAM] unsigned char 
   763 ;; Return value:  Size  Location     Type
   764 ;;                  1    wreg      unsigned char 
   765 ;; Registers used:
   766 ;;		wreg, fsr2l, fsr2h, status,2, status,0, prodl, prodh
   767 ;; Tracked objects:
   768 ;;		On entry : 0/0
   769 ;;		On exit  : 0/0
   770 ;;		Unchanged: 0/0
   771 ;; Data sizes:     COMRAM   BANK0   BANK1   BANK2   BANK3   BANK4   BANK5   BANK6   BANK7   BANK8   BANK9  BANK10  BANK1
      +1  BANK12  BANK13  BANK14  BANK15
   772 ;;      Params:         1       0       0       0       0       0       0       0       0       0       0       0       
      +0       0       0       0       0
   773 ;;      Locals:         2       0       0       0       0       0       0       0       0       0       0       0       
      +0       0       0       0       0
   774 ;;      Temps:          2       0       0       0       0       0       0       0       0       0       0       0       
      +0       0       0       0       0
   775 ;;      Totals:         5       0       0       0       0       0       0       0       0       0       0       0       
      +0       0       0       0       0
   776 ;;Total ram usage:        5 bytes
   777 ;; Hardware stack levels used: 1
   778 ;; This function calls:
   779 ;;		Nothing
   780 ;; This function is called by:
   781 ;;		_application_initialize
   782 ;; This function uses a non-reentrant model
   783 ;;
   784                           
   785                           	psect	text3
   786   00137E                     __ptext3:
   787                           	callstack 0
   788   00137E                     _gpio_port_direction_initialization:
   789                           	callstack 29
   790                           
   791                           ;incstack = 0
   792                           ;gpio_port_direction_initialization@port stored from wreg
   793   00137E  6E26               	movwf	gpio_port_direction_initialization@port^0,c
   794   001380                     
   795                           ;MCAL_Layer/GPIO/hal_gpio.c: 162:     STD_ReturnType ret = (STD_ReturnType)0x01;
   796   001380  0E01               	movlw	1
   797   001382  6E25               	movwf	gpio_port_direction_initialization@ret^0,c
   798   001384                     
   799                           ;MCAL_Layer/GPIO/hal_gpio.c: 163:     if (port > 5 - 1) {
   800   001384  0E04               	movlw	4
   801   001386  6426               	cpfsgt	gpio_port_direction_initialization@port^0,c
   802   001388  EFC8  F009         	goto	u701
   803   00138C  EFCA  F009         	goto	u700
   804   001390                     u701:
   805   001390  EFCE  F009         	goto	l1419
   806   001394                     u700:
   807   001394                     
   808                           ;MCAL_Layer/GPIO/hal_gpio.c: 164:         ret = (STD_ReturnType)0x00;
   809   001394  0E00               	movlw	0
   810   001396  6E25               	movwf	gpio_port_direction_initialization@ret^0,c
   811                           
   812                           ;MCAL_Layer/GPIO/hal_gpio.c: 165:     } else {
   813   001398  EFDE  F009         	goto	l1421
   814   00139C                     l1419:
   815                           
   816                           ;MCAL_Layer/GPIO/hal_gpio.c: 166:         *tris_registers[port] = direction;
   817   00139C  5026               	movf	gpio_port_direction_initialization@port^0,w,c
   818   00139E  0D02               	mullw	2
   819   0013A0  50F3               	movf	243,w,c
   820   0013A2  0F15               	addlw	low _tris_registers
   821   0013A4  6ED9               	movwf	fsr2l,c
   822   0013A6  6ADA               	clrf	fsr2h,c
   823   0013A8  CFDE F023          	movff	postinc2,??_gpio_port_direction_initialization
   824   0013AC  CFDD F024          	movff	postdec2,??_gpio_port_direction_initialization+1
   825   0013B0  C023  FFD9         	movff	??_gpio_port_direction_initialization,fsr2l
   826   0013B4  C024  FFDA         	movff	??_gpio_port_direction_initialization+1,fsr2h
   827   0013B8  C022  FFDF         	movff	gpio_port_direction_initialization@direction,indf2
   828   0013BC                     l1421:
   829                           
   830                           ;MCAL_Layer/GPIO/hal_gpio.c: 168:     return ret;
   831   0013BC  5025               	movf	gpio_port_direction_initialization@ret^0,w,c
   832   0013BE  0012               	return		;funcret
   833   0013C0                     __end_of_gpio_port_direction_initialization:
   834                           	callstack 0
   835                           
   836 ;; *************** function ___awmod *****************
   837 ;; Defined at:
   838 ;;		line 7 in file "C:\Program Files\Microchip\xc8\v2.46\pic\sources\c99\common\awmod.c"
   839 ;; Parameters:    Size  Location     Type
   840 ;;  dividend        2    0[COMRAM] int 
   841 ;;  divisor         2    2[COMRAM] int 
   842 ;; Auto vars:     Size  Location     Type
   843 ;;  sign            1    5[COMRAM] unsigned char 
   844 ;;  counter         1    4[COMRAM] unsigned char 
   845 ;; Return value:  Size  Location     Type
   846 ;;                  2    0[COMRAM] int 
   847 ;; Registers used:
   848 ;;		wreg, status,2, status,0
   849 ;; Tracked objects:
   850 ;;		On entry : 0/0
   851 ;;		On exit  : 0/0
   852 ;;		Unchanged: 0/0
   853 ;; Data sizes:     COMRAM   BANK0   BANK1   BANK2   BANK3   BANK4   BANK5   BANK6   BANK7   BANK8   BANK9  BANK10  BANK1
      +1  BANK12  BANK13  BANK14  BANK15
   854 ;;      Params:         4       0       0       0       0       0       0       0       0       0       0       0       
      +0       0       0       0       0
   855 ;;      Locals:         2       0       0       0       0       0       0       0       0       0       0       0       
      +0       0       0       0       0
   856 ;;      Temps:          0       0       0       0       0       0       0       0       0       0       0       0       
      +0       0       0       0       0
   857 ;;      Totals:         6       0       0       0       0       0       0       0       0       0       0       0       
      +0       0       0       0       0
   858 ;;Total ram usage:        6 bytes
   859 ;; Hardware stack levels used: 1
   860 ;; This function calls:
   861 ;;		Nothing
   862 ;; This function is called by:
   863 ;;		_main
   864 ;; This function uses a non-reentrant model
   865 ;;
   866                           
   867                           	psect	text4
   868   00128C                     __ptext4:
   869                           	callstack 0
   870   00128C                     ___awmod:
   871                           	callstack 30
   872   00128C  0E00               	movlw	0
   873   00128E  6E27               	movwf	___awmod@sign^0,c
   874   001290  BE23               	btfsc	(___awmod@dividend+1)^0,7,c
   875   001292  EF4F  F009         	goto	u780
   876   001296  EF4D  F009         	goto	u781
   877   00129A                     u781:
   878   00129A  EF55  F009         	goto	l1491
   879   00129E                     u780:
   880   00129E  6C22               	negf	___awmod@dividend^0,c
   881   0012A0  1E23               	comf	(___awmod@dividend+1)^0,f,c
   882   0012A2  B0D8               	btfsc	status,0,c
   883   0012A4  2A23               	incf	(___awmod@dividend+1)^0,f,c
   884   0012A6  0E01               	movlw	1
   885   0012A8  6E27               	movwf	___awmod@sign^0,c
   886   0012AA                     l1491:
   887   0012AA  BE25               	btfsc	(___awmod@divisor+1)^0,7,c
   888   0012AC  EF5C  F009         	goto	u790
   889   0012B0  EF5A  F009         	goto	u791
   890   0012B4                     u791:
   891   0012B4  EF60  F009         	goto	l1495
   892   0012B8                     u790:
   893   0012B8  6C24               	negf	___awmod@divisor^0,c
   894   0012BA  1E25               	comf	(___awmod@divisor+1)^0,f,c
   895   0012BC  B0D8               	btfsc	status,0,c
   896   0012BE  2A25               	incf	(___awmod@divisor+1)^0,f,c
   897   0012C0                     l1495:
   898   0012C0  5024               	movf	___awmod@divisor^0,w,c
   899   0012C2  1025               	iorwf	(___awmod@divisor+1)^0,w,c
   900   0012C4  B4D8               	btfsc	status,2,c
   901   0012C6  EF67  F009         	goto	u801
   902   0012CA  EF69  F009         	goto	u800
   903   0012CE                     u801:
   904   0012CE  EF8D  F009         	goto	l1511
   905   0012D2                     u800:
   906   0012D2  0E01               	movlw	1
   907   0012D4  6E26               	movwf	___awmod@counter^0,c
   908   0012D6  EF71  F009         	goto	l1501
   909   0012DA                     l1499:
   910   0012DA  90D8               	bcf	status,0,c
   911   0012DC  3624               	rlcf	___awmod@divisor^0,f,c
   912   0012DE  3625               	rlcf	(___awmod@divisor+1)^0,f,c
   913   0012E0  2A26               	incf	___awmod@counter^0,f,c
   914   0012E2                     l1501:
   915   0012E2  AE25               	btfss	(___awmod@divisor+1)^0,7,c
   916   0012E4  EF76  F009         	goto	u811
   917   0012E8  EF78  F009         	goto	u810
   918   0012EC                     u811:
   919   0012EC  EF6D  F009         	goto	l1499
   920   0012F0                     u810:
   921   0012F0                     l1503:
   922   0012F0  5024               	movf	___awmod@divisor^0,w,c
   923   0012F2  5C22               	subwf	___awmod@dividend^0,w,c
   924   0012F4  5025               	movf	(___awmod@divisor+1)^0,w,c
   925   0012F6  5823               	subwfb	(___awmod@dividend+1)^0,w,c
   926   0012F8  A0D8               	btfss	status,0,c
   927   0012FA  EF81  F009         	goto	u821
   928   0012FE  EF83  F009         	goto	u820
   929   001302                     u821:
   930   001302  EF87  F009         	goto	l1507
   931   001306                     u820:
   932   001306  5024               	movf	___awmod@divisor^0,w,c
   933   001308  5E22               	subwf	___awmod@dividend^0,f,c
   934   00130A  5025               	movf	(___awmod@divisor+1)^0,w,c
   935   00130C  5A23               	subwfb	(___awmod@dividend+1)^0,f,c
   936   00130E                     l1507:
   937   00130E  90D8               	bcf	status,0,c
   938   001310  3225               	rrcf	(___awmod@divisor+1)^0,f,c
   939   001312  3224               	rrcf	___awmod@divisor^0,f,c
   940   001314  2E26               	decfsz	___awmod@counter^0,f,c
   941   001316  EF78  F009         	goto	l1503
   942   00131A                     l1511:
   943   00131A  5027               	movf	___awmod@sign^0,w,c
   944   00131C  B4D8               	btfsc	status,2,c
   945   00131E  EF93  F009         	goto	u831
   946   001322  EF95  F009         	goto	u830
   947   001326                     u831:
   948   001326  EF99  F009         	goto	l1515
   949   00132A                     u830:
   950   00132A  6C22               	negf	___awmod@dividend^0,c
   951   00132C  1E23               	comf	(___awmod@dividend+1)^0,f,c
   952   00132E  B0D8               	btfsc	status,0,c
   953   001330  2A23               	incf	(___awmod@dividend+1)^0,f,c
   954   001332                     l1515:
   955   001332  C022  F022         	movff	___awmod@dividend,?___awmod
   956   001336  C023  F023         	movff	___awmod@dividend+1,?___awmod+1
   957   00133A  0012               	return		;funcret
   958   00133C                     __end_of___awmod:
   959                           	callstack 0
   960                           
   961 ;; *************** function ___awdiv *****************
   962 ;; Defined at:
   963 ;;		line 7 in file "C:\Program Files\Microchip\xc8\v2.46\pic\sources\c99\common\awdiv.c"
   964 ;; Parameters:    Size  Location     Type
   965 ;;  dividend        2    0[COMRAM] int 
   966 ;;  divisor         2    2[COMRAM] int 
   967 ;; Auto vars:     Size  Location     Type
   968 ;;  quotient        2    6[COMRAM] int 
   969 ;;  sign            1    5[COMRAM] unsigned char 
   970 ;;  counter         1    4[COMRAM] unsigned char 
   971 ;; Return value:  Size  Location     Type
   972 ;;                  2    0[COMRAM] int 
   973 ;; Registers used:
   974 ;;		wreg, status,2, status,0
   975 ;; Tracked objects:
   976 ;;		On entry : 0/0
   977 ;;		On exit  : 0/0
   978 ;;		Unchanged: 0/0
   979 ;; Data sizes:     COMRAM   BANK0   BANK1   BANK2   BANK3   BANK4   BANK5   BANK6   BANK7   BANK8   BANK9  BANK10  BANK1
      +1  BANK12  BANK13  BANK14  BANK15
   980 ;;      Params:         4       0       0       0       0       0       0       0       0       0       0       0       
      +0       0       0       0       0
   981 ;;      Locals:         4       0       0       0       0       0       0       0       0       0       0       0       
      +0       0       0       0       0
   982 ;;      Temps:          0       0       0       0       0       0       0       0       0       0       0       0       
      +0       0       0       0       0
   983 ;;      Totals:         8       0       0       0       0       0       0       0       0       0       0       0       
      +0       0       0       0       0
   984 ;;Total ram usage:        8 bytes
   985 ;; Hardware stack levels used: 1
   986 ;; This function calls:
   987 ;;		Nothing
   988 ;; This function is called by:
   989 ;;		_main
   990 ;; This function uses a non-reentrant model
   991 ;;
   992                           
   993                           	psect	text5
   994   0011C8                     __ptext5:
   995                           	callstack 0
   996   0011C8                     ___awdiv:
   997                           	callstack 30
   998   0011C8  0E00               	movlw	0
   999   0011CA  6E27               	movwf	___awdiv@sign^0,c
  1000   0011CC  BE25               	btfsc	(___awdiv@divisor+1)^0,7,c
  1001   0011CE  EFED  F008         	goto	u720
  1002   0011D2  EFEB  F008         	goto	u721
  1003   0011D6                     u721:
  1004   0011D6  EFF3  F008         	goto	l1447
  1005   0011DA                     u720:
  1006   0011DA  6C24               	negf	___awdiv@divisor^0,c
  1007   0011DC  1E25               	comf	(___awdiv@divisor+1)^0,f,c
  1008   0011DE  B0D8               	btfsc	status,0,c
  1009   0011E0  2A25               	incf	(___awdiv@divisor+1)^0,f,c
  1010   0011E2  0E01               	movlw	1
  1011   0011E4  6E27               	movwf	___awdiv@sign^0,c
  1012   0011E6                     l1447:
  1013   0011E6  BE23               	btfsc	(___awdiv@dividend+1)^0,7,c
  1014   0011E8  EFFA  F008         	goto	u730
  1015   0011EC  EFF8  F008         	goto	u731
  1016   0011F0                     u731:
  1017   0011F0  EF00  F009         	goto	l1453
  1018   0011F4                     u730:
  1019   0011F4  6C22               	negf	___awdiv@dividend^0,c
  1020   0011F6  1E23               	comf	(___awdiv@dividend+1)^0,f,c
  1021   0011F8  B0D8               	btfsc	status,0,c
  1022   0011FA  2A23               	incf	(___awdiv@dividend+1)^0,f,c
  1023   0011FC  0E01               	movlw	1
  1024   0011FE  1A27               	xorwf	___awdiv@sign^0,f,c
  1025   001200                     l1453:
  1026   001200  0E00               	movlw	0
  1027   001202  6E29               	movwf	(___awdiv@quotient+1)^0,c
  1028   001204  0E00               	movlw	0
  1029   001206  6E28               	movwf	___awdiv@quotient^0,c
  1030   001208  5024               	movf	___awdiv@divisor^0,w,c
  1031   00120A  1025               	iorwf	(___awdiv@divisor+1)^0,w,c
  1032   00120C  B4D8               	btfsc	status,2,c
  1033   00120E  EF0B  F009         	goto	u741
  1034   001212  EF0D  F009         	goto	u740
  1035   001216                     u741:
  1036   001216  EF35  F009         	goto	l1475
  1037   00121A                     u740:
  1038   00121A  0E01               	movlw	1
  1039   00121C  6E26               	movwf	___awdiv@counter^0,c
  1040   00121E  EF15  F009         	goto	l1461
  1041   001222                     l1459:
  1042   001222  90D8               	bcf	status,0,c
  1043   001224  3624               	rlcf	___awdiv@divisor^0,f,c
  1044   001226  3625               	rlcf	(___awdiv@divisor+1)^0,f,c
  1045   001228  2A26               	incf	___awdiv@counter^0,f,c
  1046   00122A                     l1461:
  1047   00122A  AE25               	btfss	(___awdiv@divisor+1)^0,7,c
  1048   00122C  EF1A  F009         	goto	u751
  1049   001230  EF1C  F009         	goto	u750
  1050   001234                     u751:
  1051   001234  EF11  F009         	goto	l1459
  1052   001238                     u750:
  1053   001238                     l1463:
  1054   001238  90D8               	bcf	status,0,c
  1055   00123A  3628               	rlcf	___awdiv@quotient^0,f,c
  1056   00123C  3629               	rlcf	(___awdiv@quotient+1)^0,f,c
  1057   00123E  5024               	movf	___awdiv@divisor^0,w,c
  1058   001240  5C22               	subwf	___awdiv@dividend^0,w,c
  1059   001242  5025               	movf	(___awdiv@divisor+1)^0,w,c
  1060   001244  5823               	subwfb	(___awdiv@dividend+1)^0,w,c
  1061   001246  A0D8               	btfss	status,0,c
  1062   001248  EF28  F009         	goto	u761
  1063   00124C  EF2A  F009         	goto	u760
  1064   001250                     u761:
  1065   001250  EF2F  F009         	goto	l1471
  1066   001254                     u760:
  1067   001254  5024               	movf	___awdiv@divisor^0,w,c
  1068   001256  5E22               	subwf	___awdiv@dividend^0,f,c
  1069   001258  5025               	movf	(___awdiv@divisor+1)^0,w,c
  1070   00125A  5A23               	subwfb	(___awdiv@dividend+1)^0,f,c
  1071   00125C  8028               	bsf	___awdiv@quotient^0,0,c
  1072   00125E                     l1471:
  1073   00125E  90D8               	bcf	status,0,c
  1074   001260  3225               	rrcf	(___awdiv@divisor+1)^0,f,c
  1075   001262  3224               	rrcf	___awdiv@divisor^0,f,c
  1076   001264  2E26               	decfsz	___awdiv@counter^0,f,c
  1077   001266  EF1C  F009         	goto	l1463
  1078   00126A                     l1475:
  1079   00126A  5027               	movf	___awdiv@sign^0,w,c
  1080   00126C  B4D8               	btfsc	status,2,c
  1081   00126E  EF3B  F009         	goto	u771
  1082   001272  EF3D  F009         	goto	u770
  1083   001276                     u771:
  1084   001276  EF41  F009         	goto	l1479
  1085   00127A                     u770:
  1086   00127A  6C28               	negf	___awdiv@quotient^0,c
  1087   00127C  1E29               	comf	(___awdiv@quotient+1)^0,f,c
  1088   00127E  B0D8               	btfsc	status,0,c
  1089   001280  2A29               	incf	(___awdiv@quotient+1)^0,f,c
  1090   001282                     l1479:
  1091   001282  C028  F022         	movff	___awdiv@quotient,?___awdiv
  1092   001286  C029  F023         	movff	___awdiv@quotient+1,?___awdiv+1
  1093   00128A  0012               	return		;funcret
  1094   00128C                     __end_of___awdiv:
  1095                           	callstack 0
  1096                           
  1097                           	psect	smallconst
  1098   001000                     __psmallconst:
  1099                           	callstack 0
  1100   001000  00                 	db	0
  1101   001001  00                 	db	0	; dummy byte at the end
  1102   000000                     
  1103                           	psect	rparam
  1104   000000                     
  1105                           	psect	config
  1106                           
  1107                           ; Padding undefined space
  1108   300000                     	org	3145728
  1109   300000  FF                 	db	255
  1110                           
  1111                           ;Config register CONFIG1H @ 0x300001
  1112                           ;	Oscillator Selection bits
  1113                           ;	FOSC = HS, HS oscillator
  1114                           ;	Fail-Safe Clock Monitor Enable bit
  1115                           ;	FCMEN = OFF, Fail-Safe Clock Monitor disabled
  1116                           ;	Internal/External Oscillator Switchover bit
  1117                           ;	IESO = OFF, Oscillator Switchover mode disabled
  1118   300001                     	org	3145729
  1119   300001  02                 	db	2
  1120                           
  1121                           ;Config register CONFIG2L @ 0x300002
  1122                           ;	Power-up Timer Enable bit
  1123                           ;	PWRTEN = OFF, PWRT disabled
  1124                           ;	Brown-out Reset Enable bits
  1125                           ;	BOREN = SBORDIS, Brown-out Reset enabled in hardware only (SBOREN is disabled)
  1126                           ;	Brown Out Reset Voltage bits
  1127                           ;	BORV = 18, VBOR set to 1.8 V nominal
  1128   300002                     	org	3145730
  1129   300002  1F                 	db	31
  1130                           
  1131                           ;Config register CONFIG2H @ 0x300003
  1132                           ;	Watchdog Timer Enable bit
  1133                           ;	WDTEN = OFF, WDT is controlled by SWDTEN bit of the WDTCON register
  1134                           ;	Watchdog Timer Postscale Select bits
  1135                           ;	WDTPS = 32768, 1:32768
  1136   300003                     	org	3145731
  1137   300003  1E                 	db	30
  1138                           
  1139                           ; Padding undefined space
  1140   300004                     	org	3145732
  1141   300004  FF                 	db	255
  1142                           
  1143                           ;Config register CONFIG3H @ 0x300005
  1144                           ;	CCP2 MUX bit
  1145                           ;	CCP2MX = PORTC, CCP2 input/output is multiplexed with RC1
  1146                           ;	PORTB A/D Enable bit
  1147                           ;	PBADEN = OFF, PORTB<4:0> pins are configured as digital I/O on Reset
  1148                           ;	Low-Power Timer1 Oscillator Enable bit
  1149                           ;	LPT1OSC = OFF, Timer1 configured for higher power operation
  1150                           ;	HFINTOSC Fast Start-up
  1151                           ;	HFOFST = OFF, The system clock is held off until the HFINTOSC is stable.
  1152                           ;	MCLR Pin Enable bit
  1153                           ;	MCLRE = ON, MCLR pin enabled; RE3 input pin disabled
  1154   300005                     	org	3145733
  1155   300005  81                 	db	129
  1156                           
  1157                           ;Config register CONFIG4L @ 0x300006
  1158                           ;	Stack Full/Underflow Reset Enable bit
  1159                           ;	STVREN = ON, Stack full/underflow will cause Reset
  1160                           ;	Single-Supply ICSP Enable bit
  1161                           ;	LVP = OFF, Single-Supply ICSP disabled
  1162                           ;	Extended Instruction Set Enable bit
  1163                           ;	XINST = OFF, Instruction set extension and Indexed Addressing mode disabled (Legacy mo
      +                          de)
  1164                           ;	Background Debugger Enable bit
  1165                           ;	DEBUG = 0x1, unprogrammed default
  1166   300006                     	org	3145734
  1167   300006  81                 	db	129
  1168                           
  1169                           ; Padding undefined space
  1170   300007                     	org	3145735
  1171   300007  FF                 	db	255
  1172                           
  1173                           ;Config register CONFIG5L @ 0x300008
  1174                           ;	Code Protection Block 0
  1175                           ;	CP0 = OFF, Block 0 (000800-003FFFh) not code-protected
  1176                           ;	Code Protection Block 1
  1177                           ;	CP1 = OFF, Block 1 (004000-007FFFh) not code-protected
  1178                           ;	Code Protection Block 2
  1179                           ;	CP2 = OFF, Block 2 (008000-00BFFFh) not code-protected
  1180                           ;	Code Protection Block 3
  1181                           ;	CP3 = OFF, Block 3 (00C000-00FFFFh) not code-protected
  1182   300008                     	org	3145736
  1183   300008  0F                 	db	15
  1184                           
  1185                           ;Config register CONFIG5H @ 0x300009
  1186                           ;	Boot Block Code Protection bit
  1187                           ;	CPB = OFF, Boot block (000000-0007FFh) not code-protected
  1188                           ;	Data EEPROM Code Protection bit
  1189                           ;	CPD = OFF, Data EEPROM not code-protected
  1190   300009                     	org	3145737
  1191   300009  C0                 	db	192
  1192                           
  1193                           ;Config register CONFIG6L @ 0x30000A
  1194                           ;	Write Protection Block 0
  1195                           ;	WRT0 = OFF, Block 0 (000800-003FFFh) not write-protected
  1196                           ;	Write Protection Block 1
  1197                           ;	WRT1 = OFF, Block 1 (004000-007FFFh) not write-protected
  1198                           ;	Write Protection Block 2
  1199                           ;	WRT2 = OFF, Block 2 (008000-00BFFFh) not write-protected
  1200                           ;	Write Protection Block 3
  1201                           ;	WRT3 = OFF, Block 3 (00C000h-00FFFFh) not write-protected
  1202   30000A                     	org	3145738
  1203   30000A  0F                 	db	15
  1204                           
  1205                           ;Config register CONFIG6H @ 0x30000B
  1206                           ;	Configuration Register Write Protection bit
  1207                           ;	WRTC = OFF, Configuration registers (300000-3000FFh) not write-protected
  1208                           ;	Boot Block Write Protection bit
  1209                           ;	WRTB = OFF, Boot Block (000000-0007FFh) not write-protected
  1210                           ;	Data EEPROM Write Protection bit
  1211                           ;	WRTD = OFF, Data EEPROM not write-protected
  1212   30000B                     	org	3145739
  1213   30000B  E0                 	db	224
  1214                           
  1215                           ;Config register CONFIG7L @ 0x30000C
  1216                           ;	Table Read Protection Block 0
  1217                           ;	EBTR0 = OFF, Block 0 (000800-003FFFh) not protected from table reads executed in other
      +                           blocks
  1218                           ;	Table Read Protection Block 1
  1219                           ;	EBTR1 = OFF, Block 1 (004000-007FFFh) not protected from table reads executed in other
      +                           blocks
  1220                           ;	Table Read Protection Block 2
  1221                           ;	EBTR2 = OFF, Block 2 (008000-00BFFFh) not protected from table reads executed in other
      +                           blocks
  1222                           ;	Table Read Protection Block 3
  1223                           ;	EBTR3 = OFF, Block 3 (00C000-00FFFFh) not protected from table reads executed in other
      +                           blocks
  1224   30000C                     	org	3145740
  1225   30000C  0F                 	db	15
  1226                           
  1227                           ;Config register CONFIG7H @ 0x30000D
  1228                           ;	Boot Block Table Read Protection bit
  1229                           ;	EBTRB = OFF, Boot Block (000000-0007FFh) not protected from table reads executed in ot
      +                          her blocks
  1230   30000D                     	org	3145741
  1231   30000D  40                 	db	64
  1232                           tosu	equ	0xFFF
  1233                           tosh	equ	0xFFE
  1234                           tosl	equ	0xFFD
  1235                           stkptr	equ	0xFFC
  1236                           pclatu	equ	0xFFB
  1237                           pclath	equ	0xFFA
  1238                           pcl	equ	0xFF9
  1239                           tblptru	equ	0xFF8
  1240                           tblptrh	equ	0xFF7
  1241                           tblptrl	equ	0xFF6
  1242                           tablat	equ	0xFF5
  1243                           prodh	equ	0xFF4
  1244                           prodl	equ	0xFF3
  1245                           indf0	equ	0xFEF
  1246                           postinc0	equ	0xFEE
  1247                           postdec0	equ	0xFED
  1248                           preinc0	equ	0xFEC
  1249                           plusw0	equ	0xFEB
  1250                           fsr0h	equ	0xFEA
  1251                           fsr0l	equ	0xFE9
  1252                           wreg	equ	0xFE8
  1253                           indf1	equ	0xFE7
  1254                           postinc1	equ	0xFE6
  1255                           postdec1	equ	0xFE5
  1256                           preinc1	equ	0xFE4
  1257                           plusw1	equ	0xFE3
  1258                           fsr1h	equ	0xFE2
  1259                           fsr1l	equ	0xFE1
  1260                           bsr	equ	0xFE0
  1261                           indf2	equ	0xFDF
  1262                           postinc2	equ	0xFDE
  1263                           postdec2	equ	0xFDD
  1264                           preinc2	equ	0xFDC
  1265                           plusw2	equ	0xFDB
  1266                           fsr2h	equ	0xFDA
  1267                           fsr2l	equ	0xFD9
  1268                           status	equ	0xFD8

Data Sizes:
    Strings     0
    Constant    0
    Data        33
    BSS         11
    Persistent  2
    Stack       0

Auto Spaces:
    Space          Size  Autos    Used
    COMRAM           95     14      60
    BANK0           160      0       0
    BANK1           256      0       0
    BANK2           256      0       0
    BANK3           256      0       0
    BANK4           256      0       0
    BANK5           256      0       0
    BANK6           256      0       0
    BANK7           256      0       0
    BANK8           256      0       0
    BANK9           256      0       0
    BANK10          256      0       0
    BANK11          256      0       0
    BANK12          256      0       0
    BANK13          256      0       0
    BANK14          239      0       0
    BANK15           96      0       0

Pointer List with Targets:

    lat_registers	PTR volatile unsigned char [5] size(2) Largest target is 1
		 -> LATA(BITBIGSFRlll[1]), LATB(BITBIGSFRlh[1]), LATC(BITBIGSFRlh[1]), LATD(BITBIGSFRlh[1]), 
		 -> LATE(BITBIGSFRlh[1]), 

    port_registers	PTR volatile unsigned char [5] size(2) Largest target is 1
		 -> PORTA(BITBIGSFRlll[1]), PORTB(BITBIGSFRllh[1]), PORTC(BITBIGSFRllh[1]), PORTD(BITBIGSFRllh[1]), 
		 -> PORTE(BITBIGSFRllh[1]), 

    tris_registers	PTR volatile unsigned char [5] size(2) Largest target is 1
		 -> TRISA(BITBIGSFRlll[1]), TRISB(BITBIGSFRh[1]), TRISC(BITBIGSFRh[1]), TRISD(BITBIGSFRh[1]), 
		 -> TRISE(BITBIGSFRh[1]), 


Critical Paths under _main in COMRAM

    _main->_gpio_port_write_logic
    _gpio_port_write_logic->___awdiv
    _application_initialize->_gpio_port_direction_initialization

Critical Paths under _main in BANK0

    None.

Critical Paths under _main in BANK1

    None.

Critical Paths under _main in BANK2

    None.

Critical Paths under _main in BANK3

    None.

Critical Paths under _main in BANK4

    None.

Critical Paths under _main in BANK5

    None.

Critical Paths under _main in BANK6

    None.

Critical Paths under _main in BANK7

    None.

Critical Paths under _main in BANK8

    None.

Critical Paths under _main in BANK9

    None.

Critical Paths under _main in BANK10

    None.

Critical Paths under _main in BANK11

    None.

Critical Paths under _main in BANK12

    None.

Critical Paths under _main in BANK13

    None.

Critical Paths under _main in BANK14

    None.

Critical Paths under _main in BANK15

    None.

Call Graph Tables:

 ---------------------------------------------------------------------------------
 (Depth) Function   	        Calls       Base Space   Used Autos Params    Refs
 ---------------------------------------------------------------------------------
 (0) _main                                                 1     1      0    2752
                                             13 COMRAM     1     1      0
                            ___awdiv
                            ___awmod
             _application_initialize
              _gpio_port_write_logic
 ---------------------------------------------------------------------------------
 (1) _gpio_port_write_logic                                5     4      1    1002
                                              8 COMRAM     5     4      1
                            ___awdiv (ARG)
                            ___awmod (ARG)
 ---------------------------------------------------------------------------------
 (1) _application_initialize                               0     0      0     242
 _gpio_port_direction_initialization
 ---------------------------------------------------------------------------------
 (2) _gpio_port_direction_initialization                   5     4      1     242
                                              0 COMRAM     5     4      1
 ---------------------------------------------------------------------------------
 (1) ___awmod                                              6     2      4     752
                                              0 COMRAM     6     2      4
 ---------------------------------------------------------------------------------
 (1) ___awdiv                                              8     4      4     756
                                              0 COMRAM     8     4      4
 ---------------------------------------------------------------------------------
 Estimated maximum stack depth 2
 ---------------------------------------------------------------------------------

 Call Graph Graphs:

 _main (ROOT)
   ___awdiv
   ___awmod
   _application_initialize
     _gpio_port_direction_initialization
   _gpio_port_write_logic
     ___awdiv (ARG)
     ___awmod (ARG)

 Address spaces:
Name               Size   Autos  Total    Cost      Usage
BIGRAM             EEE      0       0      46        0.0%
EEDATA             400      0       0       0        0.0%
BITBANK13          100      0       0      29        0.0%
BANK13             100      0       0      30        0.0%
BITBANK12          100      0       0      27        0.0%
BANK12             100      0       0      28        0.0%
BITBANK11          100      0       0      25        0.0%
BANK11             100      0       0      26        0.0%
BITBANK10          100      0       0      23        0.0%
BANK10             100      0       0      24        0.0%
BITBANK9           100      0       0      21        0.0%
BANK9              100      0       0      22        0.0%
BITBANK8           100      0       0      19        0.0%
BANK8              100      0       0      20        0.0%
BITBANK7           100      0       0      17        0.0%
BANK7              100      0       0      18        0.0%
BITBANK6           100      0       0      15        0.0%
BANK6              100      0       0      16        0.0%
BITBANK5           100      0       0      13        0.0%
BANK5              100      0       0      14        0.0%
BITBANK4           100      0       0      11        0.0%
BANK4              100      0       0      12        0.0%
BITBANK3           100      0       0       9        0.0%
BANK3              100      0       0      10        0.0%
BITBANK2           100      0       0       7        0.0%
BANK2              100      0       0       8        0.0%
BITBANK1           100      0       0       5        0.0%
BANK1              100      0       0       6        0.0%
BITBANK14           EF      0       0      31        0.0%
BANK14              EF      0       0      32        0.0%
BITBANK0            A0      0       0       3        0.0%
BANK0               A0      0       0       4        0.0%
BITBANK15           60      0       0      33        0.0%
BANK15              60      0       0      34        0.0%
BIGRAM_1            60      0       0      45        0.0%
BITCOMRAM           5F      0       0       0        0.0%
COMRAM              5F      E      3C       1       63.2%
BITBIGSFR_1         37      0       0      39        0.0%
BITBIGSFRlll        20      0       0      43        0.0%
BITBIGSFR_5          C      0       0      35        0.0%
BITBIGSFR_2          6      0       0      38        0.0%
BITBIGSFRh           5      0       0      40        0.0%
BITBIGSFRllh         4      0       0      42        0.0%
BITBIGSFRlh          4      0       0      41        0.0%
BITBIGSFR_4          3      0       0      36        0.0%
BITBIGSFR_3          3      0       0      37        0.0%
BIGSFR_5             0      0       0     200        0.0%
BIGSFR_4             0      0       0     200        0.0%
BIGSFR_3             0      0       0     200        0.0%
BIGSFR_2             0      0       0     200        0.0%
BIGSFR_1             0      0       0     200        0.0%
BIGSFR               0      0       0     200        0.0%
BITSFR_5             0      0       0     200        0.0%
SFR_5                0      0       0     200        0.0%
BITSFR_4             0      0       0     200        0.0%
SFR_4                0      0       0     200        0.0%
BITSFR_3             0      0       0     200        0.0%
SFR_3                0      0       0     200        0.0%
BITSFR_2             0      0       0     200        0.0%
SFR_2                0      0       0     200        0.0%
BITSFR_1             0      0       0     200        0.0%
SFR_1                0      0       0     200        0.0%
BITSFR               0      0       0     200        0.0%
SFR                  0      0       0     200        0.0%
STACK                0      0       0       2        0.0%
NULL                 0      0       0       0        0.0%
ABS                  0      0      3C      44        0.0%
DATA                 0      0      3C      47        0.0%
CODE                 0      0       0       0        0.0%


Microchip Technology PIC18 Macro Assembler V2.46 build 20240104201356 
Symbol Table                                                                                   Mon Aug 26 00:10:54 2024

                               ___awdiv@sign 0027                                          l211 137C  
                                        l510 133A                                          l263 1430  
                                        l199 13BE                                          l497 128A  
                                        u700 1394                                          u701 1390  
                                        u710 1352                                          u711 134E  
                                        u720 11DA                                          u800 12D2  
                                        u721 11D6                                          u801 12CE  
                                        u730 11F4                                          u810 12F0  
                                        u731 11F0                                          u811 12EC  
                                        u740 121A                                          u820 1306  
                                        u741 1216                                          u821 1302  
                                        u750 1238                                          u830 132A  
                                        u751 1234                                          u831 1326  
                                        u760 1254                                          u840 1178  
                                        u761 1250                                          u841 1174  
                                        u770 127A                                          u850 118C  
                                        u771 1276                                          u851 1188  
                                        u907 10AE                                          u780 129E  
                                        u860 11A4                                          u781 129A  
                                        u861 11A0                                          u917 10E8  
                                        u790 12B8                                          u870 11BC  
                                        u791 12B4                                          u871 11B8  
                                        u927 1122                                          u937 115C  
                                        u887 103A                                          u897 1074  
                                        _ret 003B                                 ___awmod@sign 0027  
                        led_initialize@F3143 003A                                          wreg 0FE8  
                      relay_initialize@F3137 0036                                         l1501 12E2  
                                       l1421 13BC                                         l1413 1380  
                                       l1503 12F0                                         l1511 131A  
                                       l1415 1384                                         l1431 135A  
                                       l1441 11CC                                         l1513 132A  
                                       l1505 1306                                         l1417 1394  
                                       l1433 137A                                         l1425 133E  
                                       l1521 1006                                         l1451 11FC  
                                       l1443 11DA                                         l1515 1332  
                                       l1507 130E                                         l1419 139C  
                                       l1427 1342                                         l1531 1044  
                                       l1461 122A                                         l1453 1200  
                                       l1445 11E2                                         l1509 1314  
                                       l1437 1418                                         l1429 1352  
                                       l1541 10C4                                         l1533 1050  
                                       l1471 125E                                         l1463 1238  
                                       l1455 1208                                         l1447 11E6  
                                       l1439 11C8                                         l1551 1156  
                                       l1543 10E2                                         l1535 106E  
                                       l1527 100A                                         l1519 1002  
                                       l1473 1264                                         l1465 123E  
                                       l1457 121A                                         l1449 11F4  
                                       l1561 118C                                         l1553 1166  
                                       l1545 111C                                         l1537 10A8  
                                       l1529 1034                                         l1467 1254  
                                       l1459 1222                                         l1475 126A  
                                       l1491 12AA                                         l1483 128C  
                                       l1571 11AA                                         l1563 118E  
                                       l1555 1168                                         l1547 112C  
                                       l1539 10B8                                         l1477 127A  
                                       l1469 125C                                         l1493 12B8  
                                       l1485 1290                                         l1573 11BC  
                                       l1565 1192                                         l1557 1178  
                                       l1549 1138                                         l1479 1282  
                                       l1495 12C0                                         l1487 129E  
                                       l1567 11A4                                         l1559 117A  
                                       l1497 12D2                                         l1489 12A6  
                                       l1569 11A6                                         l1499 12DA  
                                       _LATA 0F89                                         _LATB 0F8A  
                                       _LATC 0F8B                                         _LATD 0F8C  
                                       _LATE 0F8D                                         _main 1002  
                                       _ones 0033                                         _tens 0032  
                                       fsr2h 0FDA                                         indf2 0FDF  
                                       fsr1l 0FE1                                         fsr2l 0FD9  
                                       prodl 0FF3                                         start 0002  
                               ___param_bank 0000                        _gpio_port_write_logic 133C  
gpio_port_direction_initialization@direction 0022                                        ?_main 0022  
                   ??_application_initialize 0027                              __end_of___awdiv 128C  
                            __end_of___awmod 133C                              ___awdiv@divisor 0024  
                            ___awdiv@counter 0026                          relay_turn_off@F3147 0034  
                                      _PORTA 0F80                                        _PORTB 0F81  
                                      _PORTC 0F82                                        _PORTD 0F83  
                                      _PORTE 0F84                                        _TRISA 0F92  
                                      _TRISB 0F93                                        _TRISC 0F94  
                                      _TRISD 0F95                                        _TRISE 0F96  
                                      _hours 001F                                        tablat 0FF5  
                                      status 0FD8                              __initialization 13C0  
                               __end_of_main 11C8                                _lat_registers 000B  
                                     ??_main 002F                                __activetblptr 0002  
                           led_turn_on@F3148 0039       gpio_port_direction_initialization@port 0026  
                           ___awdiv@dividend 0022                    gpio_port_write_logic@port 002E  
                     ?_gpio_port_write_logic 002A                                    ??___awdiv 0026  
                                  ??___awmod 0026                                       clear_0 13E6  
                           ___awdiv@quotient 0028                              ___awmod@divisor 0024  
                                     isa$std 0001                                       _number 0031  
                            ___awmod@counter 0026                                 __pdataCOMRAM 0001  
                               __mediumconst 0000                                       tblptrh 0FF7  
                                     tblptrl 0FF6                                       tblptru 0FF8  
                                 __accesstop 0060                      __end_of__initialization 13EC  
                              ___rparam_used 0001                               __pcstackCOMRAM 0022  
      gpio_port_direction_initialization@ret 0025                     gpio_port_write_logic@ret 002D  
                     _application_initialize 1418                                   __pnvCOMRAM 003B  
                          led_turn_off@F3153 0038                         led_turn_toggle@F3158 0037  
                             _tris_registers 0015                                      __Hparam 0000  
                                    __Lparam 0000                                      ___awdiv 11C8  
                                    ___awmod 128C                                 __psmallconst 1000  
                                    __pcinit 13C0                                      __ramtop 1000  
                                    __ptext0 1002                                      __ptext1 133C  
                                    __ptext2 1418                                      __ptext3 137E  
                                    __ptext4 128C                                      __ptext5 11C8  
                                    _counter 003C                             ___awmod@dividend 0022  
                                    _minutes 0020                                      _seconds 0021  
                       end_of_initialization 13EC                                __Lmediumconst 0000  
 __end_of_gpio_port_direction_initialization 13C0         ??_gpio_port_direction_initialization 0023  
        ?_gpio_port_direction_initialization 0022           _gpio_port_direction_initialization 137E  
                    ??_gpio_port_write_logic 002B                                      postdec1 0FE5  
                                    postdec2 0FDD                                      postinc0 0FEE  
                                    postinc2 0FDE                                   _number_BCD 0030  
                         relay_turn_on@F3142 0035                                __pidataCOMRAM 13F6  
                        start_initialization 13C0                      ?_application_initialize 0022  
                                __pbssCOMRAM 0030               __end_of_application_initialize 1432  
                                   ?___awdiv 0022                                     ?___awmod 0022  
                                __smallconst 1000                __end_of_gpio_port_write_logic 137E  
                                  copy_data0 13D4                                     __Hrparam 0000  
                                   __Lrparam 0000                                     isa$xinst 0000  
                             _port_registers 0001                   gpio_port_write_logic@logic 002A  
